Symfony\Component\DependencyInjection\Compiler\ResolveChildDefinitionsPass: Resolving inheritance for ".instanceof.Symfony\Component\Console\Command\Command.0.App\Adapters\Console\ProcessXmlToSheetsCommand" (parent: .abstract.instanceof.App\Adapters\Console\ProcessXmlToSheetsCommand).
Symfony\Component\DependencyInjection\Compiler\ResolveChildDefinitionsPass: Resolving inheritance for "App\Adapters\Console\ProcessXmlToSheetsCommand" (parent: .instanceof.Symfony\Component\Console\Command\Command.0.App\Adapters\Console\ProcessXmlToSheetsCommand).
Symfony\Component\DependencyInjection\Compiler\ResolveChildDefinitionsPass: Resolving inheritance for ".instanceof.Symfony\Component\Console\Command\Command.0.App\Infrastructure\Console\Command\SpreadsheetCommand" (parent: .abstract.instanceof.App\Infrastructure\Console\Command\SpreadsheetCommand).
Symfony\Component\DependencyInjection\Compiler\ResolveChildDefinitionsPass: Resolving inheritance for "App\Infrastructure\Console\Command\SpreadsheetCommand" (parent: .instanceof.Symfony\Component\Console\Command\Command.0.App\Infrastructure\Console\Command\SpreadsheetCommand).
Symfony\Component\DependencyInjection\Compiler\ResolveChildDefinitionsPass: Resolving inheritance for "cache.app" (parent: cache.adapter.redis).
Symfony\Component\DependencyInjection\Compiler\ResolveChildDefinitionsPass: Resolving inheritance for "cache.system" (parent: cache.adapter.system).
Symfony\Component\DependencyInjection\Compiler\ResolveChildDefinitionsPass: Resolving inheritance for "cache.validator" (parent: cache.system).
Symfony\Component\DependencyInjection\Compiler\ResolveChildDefinitionsPass: Resolving inheritance for "cache.serializer" (parent: cache.system).
Symfony\Component\DependencyInjection\Compiler\ResolveChildDefinitionsPass: Resolving inheritance for "cache.property_info" (parent: cache.system).
Symfony\Component\DependencyInjection\Compiler\ResolveChildDefinitionsPass: Resolving inheritance for "cache.system_clearer" (parent: cache.default_clearer).
Symfony\Component\DependencyInjection\Compiler\ResolveChildDefinitionsPass: Resolving inheritance for "cache.global_clearer" (parent: cache.default_clearer).
Symfony\Component\DependencyInjection\Compiler\ResolveChildDefinitionsPass: Resolving inheritance for "secrets.decryption_key" (parent: container.env).
Symfony\Component\DependencyInjection\Compiler\ResolveChildDefinitionsPass: Resolving inheritance for "monolog.logger" (parent: monolog.logger_prototype).
Symfony\Component\DependencyInjection\Compiler\ResolveChildDefinitionsPass: Resolving inheritance for "monolog.logger.request" (parent: monolog.logger_prototype).
Symfony\Component\DependencyInjection\Compiler\ResolveChildDefinitionsPass: Resolving inheritance for "monolog.logger.console" (parent: monolog.logger_prototype).
Symfony\Component\DependencyInjection\Compiler\ResolveChildDefinitionsPass: Resolving inheritance for "monolog.logger.cache" (parent: monolog.logger_prototype).
Symfony\Component\DependencyInjection\Compiler\ResolveChildDefinitionsPass: Resolving inheritance for "monolog.logger.php" (parent: monolog.logger_prototype).
Symfony\Component\DependencyInjection\Compiler\ResolveChildDefinitionsPass: Resolving inheritance for "monolog.logger.router" (parent: monolog.logger_prototype).
Symfony\Component\DependencyInjection\Compiler\AutowirePass: Skipping service "App\Application\Parser\Contract\XmlParserContract": Class or interface "App\Application\Parser\Contract\XmlParserContract" cannot be loaded.
Symfony\Component\DependencyInjection\Compiler\AutowirePass: Skipping service "App\Infrastructure\File\Repository\XMLFileTypeHandler": Class or interface "App\Infrastructure\File\Repository\XMLFileTypeHandler" cannot be loaded.
Symfony\Component\DependencyInjection\Compiler\RemovePrivateAliasesPass: Removed service "Predis\Client"; reason: private alias.
Symfony\Component\DependencyInjection\Compiler\RemovePrivateAliasesPass: Removed service "App\Application\Product\Contract\ProductFactoryContract"; reason: private alias.
Symfony\Component\DependencyInjection\Compiler\RemovePrivateAliasesPass: Removed service "App\Application\Cache\Contract\CacheContract"; reason: private alias.
Symfony\Component\DependencyInjection\Compiler\RemovePrivateAliasesPass: Removed service "App\Application\Config\Contract\ExternalFeedSourceConfigContract"; reason: private alias.
Symfony\Component\DependencyInjection\Compiler\RemovePrivateAliasesPass: Removed service "App\Application\Config\Contract\FileSourceConfigContract"; reason: private alias.
Symfony\Component\DependencyInjection\Compiler\RemovePrivateAliasesPass: Removed service "App\Application\File\Contract\LocalFileFetcherContract"; reason: private alias.
Symfony\Component\DependencyInjection\Compiler\RemovePrivateAliasesPass: Removed service "App\Application\File\Contract\FileSaverContract"; reason: private alias.
Symfony\Component\DependencyInjection\Compiler\RemovePrivateAliasesPass: Removed service "App\Application\GoogleDocument\Sheet\Contract\GoogleSpreadsheetContract"; reason: private alias.
Symfony\Component\DependencyInjection\Compiler\RemovePrivateAliasesPass: Removed service "App\Application\Logger\Contract\LoggerContract"; reason: private alias.
Symfony\Component\DependencyInjection\Compiler\RemovePrivateAliasesPass: Removed service "XmlParserContract"; reason: private alias.
Symfony\Component\DependencyInjection\Compiler\RemovePrivateAliasesPass: Removed service "App\Application\Config\Contract\GoogleSheetConfigContract"; reason: private alias.
Symfony\Component\DependencyInjection\Compiler\RemovePrivateAliasesPass: Removed service "App\Application\GoogleDocument\contract\CreateContract"; reason: private alias.
Symfony\Component\DependencyInjection\Compiler\RemovePrivateAliasesPass: Removed service "App\Application\GoogleDocument\contract\ProcessContract"; reason: private alias.
Symfony\Component\DependencyInjection\Compiler\RemovePrivateAliasesPass: Removed service "App\Application\GoogleDocument\contract\WriteContract"; reason: private alias.
Symfony\Component\DependencyInjection\Compiler\RemovePrivateAliasesPass: Removed service "Symfony\Component\DependencyInjection\ParameterBag\ContainerBagInterface"; reason: private alias.
Symfony\Component\DependencyInjection\Compiler\RemovePrivateAliasesPass: Removed service "Symfony\Component\DependencyInjection\ParameterBag\ParameterBagInterface"; reason: private alias.
Symfony\Component\DependencyInjection\Compiler\RemovePrivateAliasesPass: Removed service "Symfony\Component\EventDispatcher\EventDispatcherInterface"; reason: private alias.
Symfony\Component\DependencyInjection\Compiler\RemovePrivateAliasesPass: Removed service "Symfony\Contracts\EventDispatcher\EventDispatcherInterface"; reason: private alias.
Symfony\Component\DependencyInjection\Compiler\RemovePrivateAliasesPass: Removed service "Psr\EventDispatcher\EventDispatcherInterface"; reason: private alias.
Symfony\Component\DependencyInjection\Compiler\RemovePrivateAliasesPass: Removed service "Symfony\Component\HttpKernel\HttpKernelInterface"; reason: private alias.
Symfony\Component\DependencyInjection\Compiler\RemovePrivateAliasesPass: Removed service "Symfony\Component\HttpFoundation\RequestStack"; reason: private alias.
Symfony\Component\DependencyInjection\Compiler\RemovePrivateAliasesPass: Removed service "Symfony\Component\HttpKernel\HttpCache\StoreInterface"; reason: private alias.
Symfony\Component\DependencyInjection\Compiler\RemovePrivateAliasesPass: Removed service "Symfony\Component\HttpFoundation\UrlHelper"; reason: private alias.
Symfony\Component\DependencyInjection\Compiler\RemovePrivateAliasesPass: Removed service "Symfony\Component\HttpKernel\KernelInterface"; reason: private alias.
Symfony\Component\DependencyInjection\Compiler\RemovePrivateAliasesPass: Removed service "Symfony\Component\Filesystem\Filesystem"; reason: private alias.
Symfony\Component\DependencyInjection\Compiler\RemovePrivateAliasesPass: Removed service "Symfony\Component\HttpKernel\Config\FileLocator"; reason: private alias.
Symfony\Component\DependencyInjection\Compiler\RemovePrivateAliasesPass: Removed service "Symfony\Component\HttpFoundation\UriSigner"; reason: private alias.
Symfony\Component\DependencyInjection\Compiler\RemovePrivateAliasesPass: Removed service "Symfony\Component\DependencyInjection\ReverseContainer"; reason: private alias.
Symfony\Component\DependencyInjection\Compiler\RemovePrivateAliasesPass: Removed service "Symfony\Component\String\Slugger\SluggerInterface"; reason: private alias.
Symfony\Component\DependencyInjection\Compiler\RemovePrivateAliasesPass: Removed service "Symfony\Component\HttpKernel\Fragment\FragmentUriGeneratorInterface"; reason: private alias.
Symfony\Component\DependencyInjection\Compiler\RemovePrivateAliasesPass: Removed service "error_renderer.html"; reason: private alias.
Symfony\Component\DependencyInjection\Compiler\RemovePrivateAliasesPass: Removed service "error_renderer"; reason: private alias.
Symfony\Component\DependencyInjection\Compiler\RemovePrivateAliasesPass: Removed service ".Psr\Container\ContainerInterface $parameter_bag"; reason: private alias.
Symfony\Component\DependencyInjection\Compiler\RemovePrivateAliasesPass: Removed service "Psr\Container\ContainerInterface $parameterBag"; reason: private alias.
Symfony\Component\DependencyInjection\Compiler\RemovePrivateAliasesPass: Removed service "Psr\Cache\CacheItemPoolInterface"; reason: private alias.
Symfony\Component\DependencyInjection\Compiler\RemovePrivateAliasesPass: Removed service "Symfony\Contracts\Cache\CacheInterface"; reason: private alias.
Symfony\Component\DependencyInjection\Compiler\RemovePrivateAliasesPass: Removed service "Symfony\Contracts\Cache\TagAwareCacheInterface"; reason: private alias.
Symfony\Component\DependencyInjection\Compiler\RemovePrivateAliasesPass: Removed service "Symfony\Component\ErrorHandler\ErrorRenderer\FileLinkFormatter"; reason: private alias.
Symfony\Component\DependencyInjection\Compiler\RemovePrivateAliasesPass: Removed service "Symfony\Component\Routing\RouterInterface"; reason: private alias.
Symfony\Component\DependencyInjection\Compiler\RemovePrivateAliasesPass: Removed service "Symfony\Component\Routing\Generator\UrlGeneratorInterface"; reason: private alias.
Symfony\Component\DependencyInjection\Compiler\RemovePrivateAliasesPass: Removed service "Symfony\Component\Routing\Matcher\UrlMatcherInterface"; reason: private alias.
Symfony\Component\DependencyInjection\Compiler\RemovePrivateAliasesPass: Removed service "Symfony\Component\Routing\RequestContextAwareInterface"; reason: private alias.
Symfony\Component\DependencyInjection\Compiler\RemovePrivateAliasesPass: Removed service "Symfony\Component\Routing\RequestContext"; reason: private alias.
Symfony\Component\DependencyInjection\Compiler\RemovePrivateAliasesPass: Removed service "cache.default_redis_provider"; reason: private alias.
Symfony\Component\DependencyInjection\Compiler\RemovePrivateAliasesPass: Removed service "cache.default_memcached_provider"; reason: private alias.
Symfony\Component\DependencyInjection\Compiler\RemovePrivateAliasesPass: Removed service "cache.default_doctrine_dbal_provider"; reason: private alias.
Symfony\Component\DependencyInjection\Compiler\RemovePrivateAliasesPass: Removed service "SessionHandlerInterface"; reason: private alias.
Symfony\Component\DependencyInjection\Compiler\RemovePrivateAliasesPass: Removed service "session.storage.factory"; reason: private alias.
Symfony\Component\DependencyInjection\Compiler\RemovePrivateAliasesPass: Removed service "session.handler"; reason: private alias.
Symfony\Component\DependencyInjection\Compiler\RemovePrivateAliasesPass: Removed service "logger"; reason: private alias.
Symfony\Component\DependencyInjection\Compiler\RemovePrivateAliasesPass: Removed service "Psr\Log\LoggerInterface"; reason: private alias.
Symfony\Component\DependencyInjection\Compiler\RemovePrivateAliasesPass: Removed service "argument_resolver.controller_locator"; reason: private alias.
Symfony\Component\DependencyInjection\Compiler\RemovePrivateAliasesPass: Removed service "Psr\Log\LoggerInterface $requestLogger"; reason: private alias.
Symfony\Component\DependencyInjection\Compiler\RemovePrivateAliasesPass: Removed service "Psr\Log\LoggerInterface $consoleLogger"; reason: private alias.
Symfony\Component\DependencyInjection\Compiler\RemovePrivateAliasesPass: Removed service "Psr\Log\LoggerInterface $cacheLogger"; reason: private alias.
Symfony\Component\DependencyInjection\Compiler\RemovePrivateAliasesPass: Removed service "Psr\Log\LoggerInterface $phpLogger"; reason: private alias.
Symfony\Component\DependencyInjection\Compiler\RemovePrivateAliasesPass: Removed service "Psr\Log\LoggerInterface $routerLogger"; reason: private alias.
Symfony\Component\DependencyInjection\Compiler\RemovePrivateAliasesPass: Removed service ".service_locator.n_ENPtW"; reason: private alias.
Symfony\Component\DependencyInjection\Compiler\ReplaceAliasByActualDefinitionPass: Changed reference of service "locale_listener" previously pointing to "router.default" to "router".
Symfony\Component\DependencyInjection\Compiler\ReplaceAliasByActualDefinitionPass: Changed reference of service "url_helper" previously pointing to "router.default" to "router".
Symfony\Component\DependencyInjection\Compiler\ReplaceAliasByActualDefinitionPass: Changed reference of service "console.command.router_debug" previously pointing to "router.default" to "router".
Symfony\Component\DependencyInjection\Compiler\ReplaceAliasByActualDefinitionPass: Changed reference of service "console.command.router_match" previously pointing to "router.default" to "router".
Symfony\Component\DependencyInjection\Compiler\ReplaceAliasByActualDefinitionPass: Changed reference of service "router_listener" previously pointing to "router.default" to "router".
Symfony\Component\DependencyInjection\Compiler\ReplaceAliasByActualDefinitionPass: Changed reference of service "Symfony\Bundle\FrameworkBundle\Controller\RedirectController" previously pointing to "router.default" to "router".
Symfony\Component\DependencyInjection\Compiler\ReplaceAliasByActualDefinitionPass: Changed reference of service ".service_locator.qXR9Hv0" previously pointing to "router.default" to "router".
Symfony\Component\DependencyInjection\Compiler\RemoveAbstractDefinitionsPass: Removed service "container.env"; reason: abstract.
Symfony\Component\DependencyInjection\Compiler\RemoveAbstractDefinitionsPass: Removed service "Symfony\Component\Config\Loader\LoaderInterface"; reason: abstract.
Symfony\Component\DependencyInjection\Compiler\RemoveAbstractDefinitionsPass: Removed service "Symfony\Component\HttpFoundation\Request"; reason: abstract.
Symfony\Component\DependencyInjection\Compiler\RemoveAbstractDefinitionsPass: Removed service "Symfony\Component\HttpFoundation\Response"; reason: abstract.
Symfony\Component\DependencyInjection\Compiler\RemoveAbstractDefinitionsPass: Removed service "Symfony\Component\HttpFoundation\Session\SessionInterface"; reason: abstract.
Symfony\Component\DependencyInjection\Compiler\RemoveAbstractDefinitionsPass: Removed service "cache.adapter.system"; reason: abstract.
Symfony\Component\DependencyInjection\Compiler\RemoveAbstractDefinitionsPass: Removed service "cache.adapter.apcu"; reason: abstract.
Symfony\Component\DependencyInjection\Compiler\RemoveAbstractDefinitionsPass: Removed service "cache.adapter.filesystem"; reason: abstract.
Symfony\Component\DependencyInjection\Compiler\RemoveAbstractDefinitionsPass: Removed service "cache.adapter.psr6"; reason: abstract.
Symfony\Component\DependencyInjection\Compiler\RemoveAbstractDefinitionsPass: Removed service "cache.adapter.redis"; reason: abstract.
Symfony\Component\DependencyInjection\Compiler\RemoveAbstractDefinitionsPass: Removed service "cache.adapter.redis_tag_aware"; reason: abstract.
Symfony\Component\DependencyInjection\Compiler\RemoveAbstractDefinitionsPass: Removed service "cache.adapter.memcached"; reason: abstract.
Symfony\Component\DependencyInjection\Compiler\RemoveAbstractDefinitionsPass: Removed service "cache.adapter.doctrine_dbal"; reason: abstract.
Symfony\Component\DependencyInjection\Compiler\RemoveAbstractDefinitionsPass: Removed service "cache.adapter.pdo"; reason: abstract.
Symfony\Component\DependencyInjection\Compiler\RemoveAbstractDefinitionsPass: Removed service "cache.adapter.array"; reason: abstract.
Symfony\Component\DependencyInjection\Compiler\RemoveAbstractDefinitionsPass: Removed service "monolog.logger_prototype"; reason: abstract.
Symfony\Component\DependencyInjection\Compiler\RemoveAbstractDefinitionsPass: Removed service "monolog.activation_strategy.not_found"; reason: abstract.
Symfony\Component\DependencyInjection\Compiler\RemoveAbstractDefinitionsPass: Removed service "monolog.handler.fingers_crossed.error_level_activation_strategy"; reason: abstract.
Symfony\Component\DependencyInjection\Compiler\RemoveAbstractDefinitionsPass: Removed service ".instanceof.Symfony\Component\Console\Command\Command.0.App\Adapters\Console\ProcessXmlToSheetsCommand"; reason: abstract.
Symfony\Component\DependencyInjection\Compiler\RemoveAbstractDefinitionsPass: Removed service ".abstract.instanceof.App\Adapters\Console\ProcessXmlToSheetsCommand"; reason: abstract.
Symfony\Component\DependencyInjection\Compiler\RemoveAbstractDefinitionsPass: Removed service ".instanceof.Symfony\Component\Console\Command\Command.0.App\Infrastructure\Console\Command\SpreadsheetCommand"; reason: abstract.
Symfony\Component\DependencyInjection\Compiler\RemoveAbstractDefinitionsPass: Removed service ".abstract.instanceof.App\Infrastructure\Console\Command\SpreadsheetCommand"; reason: abstract.
Symfony\Component\DependencyInjection\Compiler\RemoveUnusedDefinitionsPass: Removed service "App\Application\Parser\Contract\XmlParserContract"; reason: unused.
Symfony\Component\DependencyInjection\Compiler\RemoveUnusedDefinitionsPass: Removed service "App\Application\Services\StatusService"; reason: unused.
Symfony\Component\DependencyInjection\Compiler\RemoveUnusedDefinitionsPass: Removed service "App\Domain\Entities\Product\Productsup\CoffeeFeed"; reason: unused.
Symfony\Component\DependencyInjection\Compiler\RemoveUnusedDefinitionsPass: Removed service "App\Domain\Exceptions\BadRequestException"; reason: unused.
Symfony\Component\DependencyInjection\Compiler\RemoveUnusedDefinitionsPass: Removed service "App\Domain\Exceptions\FileNotAccessibleException"; reason: unused.
Symfony\Component\DependencyInjection\Compiler\RemoveUnusedDefinitionsPass: Removed service "App\Domain\Exceptions\FileTooLargeException"; reason: unused.
Symfony\Component\DependencyInjection\Compiler\RemoveUnusedDefinitionsPass: Removed service "App\Domain\Exceptions\InvalidFileTypeException"; reason: unused.
Symfony\Component\DependencyInjection\Compiler\RemoveUnusedDefinitionsPass: Removed service "App\Domain\Exceptions\InvalidUrlException"; reason: unused.
Symfony\Component\DependencyInjection\Compiler\RemoveUnusedDefinitionsPass: Removed service "App\Domain\Exceptions\NotFoundException"; reason: unused.
Symfony\Component\DependencyInjection\Compiler\RemoveUnusedDefinitionsPass: Removed service "App\Domain\Exceptions\ServiceUnavailableException"; reason: unused.
Symfony\Component\DependencyInjection\Compiler\RemoveUnusedDefinitionsPass: Removed service "App\Domain\Exceptions\UnauthorizedException"; reason: unused.
Symfony\Component\DependencyInjection\Compiler\RemoveUnusedDefinitionsPass: Removed service "App\Domain\Exceptions\UnsupportedFileSourceException"; reason: unused.
Symfony\Component\DependencyInjection\Compiler\RemoveUnusedDefinitionsPass: Removed service "App\Infrastructure\Config\constant\ConfigKeys"; reason: unused.
Symfony\Component\DependencyInjection\Compiler\RemoveUnusedDefinitionsPass: Removed service "App\Infrastructure\File\Fetch\CurlRemoteXmlFetcher"; reason: unused.
Symfony\Component\DependencyInjection\Compiler\RemoveUnusedDefinitionsPass: Removed service "App\Infrastructure\File\Fetch\LocalXmlFileFetcher"; reason: unused.
Symfony\Component\DependencyInjection\Compiler\RemoveUnusedDefinitionsPass: Removed service "App\Infrastructure\File\Repository\XMLFileTypeHandler"; reason: unused.
Symfony\Component\DependencyInjection\Compiler\RemoveUnusedDefinitionsPass: Removed service "App\Shared\Util\DateHelper"; reason: unused.
Symfony\Component\DependencyInjection\Compiler\RemoveUnusedDefinitionsPass: Removed service "App\Shared\Util\SheetNameHelper"; reason: unused.
Symfony\Component\DependencyInjection\Compiler\RemoveUnusedDefinitionsPass: Removed service "http_cache"; reason: unused.
Symfony\Component\DependencyInjection\Compiler\RemoveUnusedDefinitionsPass: Removed service "http_cache.store"; reason: unused.
Symfony\Component\DependencyInjection\Compiler\RemoveUnusedDefinitionsPass: Removed service "url_helper"; reason: unused.
Symfony\Component\DependencyInjection\Compiler\RemoveUnusedDefinitionsPass: Removed service "uri_signer"; reason: unused.
Symfony\Component\DependencyInjection\Compiler\RemoveUnusedDefinitionsPass: Removed service "reverse_container"; reason: unused.
Symfony\Component\DependencyInjection\Compiler\RemoveUnusedDefinitionsPass: Removed service "slugger"; reason: unused.
Symfony\Component\DependencyInjection\Compiler\RemoveUnusedDefinitionsPass: Removed service "fragment.handler"; reason: unused.
Symfony\Component\DependencyInjection\Compiler\RemoveUnusedDefinitionsPass: Removed service "fragment.uri_generator"; reason: unused.
Symfony\Component\DependencyInjection\Compiler\RemoveUnusedDefinitionsPass: Removed service "fragment.renderer.inline"; reason: unused.
Symfony\Component\DependencyInjection\Compiler\RemoveUnusedDefinitionsPass: Removed service "console.messenger.application"; reason: unused.
Symfony\Component\DependencyInjection\Compiler\RemoveUnusedDefinitionsPass: Removed service "console.messenger.execute_command_handler"; reason: unused.
Symfony\Component\DependencyInjection\Compiler\RemoveUnusedDefinitionsPass: Removed service "cache.validator"; reason: unused.
Symfony\Component\DependencyInjection\Compiler\RemoveUnusedDefinitionsPass: Removed service "cache.serializer"; reason: unused.
Symfony\Component\DependencyInjection\Compiler\RemoveUnusedDefinitionsPass: Removed service "cache.property_info"; reason: unused.
Symfony\Component\DependencyInjection\Compiler\RemoveUnusedDefinitionsPass: Removed service "debug.log_processor"; reason: unused.
Symfony\Component\DependencyInjection\Compiler\RemoveUnusedDefinitionsPass: Removed service "debug.debug_logger_configurator"; reason: unused.
Symfony\Component\DependencyInjection\Compiler\RemoveUnusedDefinitionsPass: Removed service ".cache_connection.8kvDmRs"; reason: unused.
Symfony\Component\DependencyInjection\Compiler\RemoveUnusedDefinitionsPass: Removed service "session.storage.factory.php_bridge"; reason: unused.
Symfony\Component\DependencyInjection\Compiler\RemoveUnusedDefinitionsPass: Removed service "session.storage.factory.mock_file"; reason: unused.
Symfony\Component\DependencyInjection\Compiler\RemoveUnusedDefinitionsPass: Removed service "session.handler.native_file"; reason: unused.
Symfony\Component\DependencyInjection\Compiler\RemoveUnusedDefinitionsPass: Removed service "session.abstract_handler"; reason: unused.
Symfony\Component\DependencyInjection\Compiler\RemoveUnusedDefinitionsPass: Removed service "session.marshaller"; reason: unused.
Symfony\Component\DependencyInjection\Compiler\RemoveUnusedDefinitionsPass: Removed service "monolog.formatter.chrome_php"; reason: unused.
Symfony\Component\DependencyInjection\Compiler\RemoveUnusedDefinitionsPass: Removed service "monolog.formatter.gelf_message"; reason: unused.
Symfony\Component\DependencyInjection\Compiler\RemoveUnusedDefinitionsPass: Removed service "monolog.formatter.html"; reason: unused.
Symfony\Component\DependencyInjection\Compiler\RemoveUnusedDefinitionsPass: Removed service "monolog.formatter.json"; reason: unused.
Symfony\Component\DependencyInjection\Compiler\RemoveUnusedDefinitionsPass: Removed service "monolog.formatter.line"; reason: unused.
Symfony\Component\DependencyInjection\Compiler\RemoveUnusedDefinitionsPass: Removed service "monolog.formatter.loggly"; reason: unused.
Symfony\Component\DependencyInjection\Compiler\RemoveUnusedDefinitionsPass: Removed service "monolog.formatter.normalizer"; reason: unused.
Symfony\Component\DependencyInjection\Compiler\RemoveUnusedDefinitionsPass: Removed service "monolog.formatter.scalar"; reason: unused.
Symfony\Component\DependencyInjection\Compiler\RemoveUnusedDefinitionsPass: Removed service "monolog.formatter.wildfire"; reason: unused.
Symfony\Component\DependencyInjection\Compiler\RemoveUnusedDefinitionsPass: Removed service "monolog.formatter.logstash"; reason: unused.
Symfony\Component\DependencyInjection\Compiler\RemoveUnusedDefinitionsPass: Removed service "monolog.http_client"; reason: unused.
Symfony\Component\DependencyInjection\Compiler\RemoveUnusedDefinitionsPass: Removed service ".service_locator.va_rxC4"; reason: unused.
Symfony\Component\DependencyInjection\Compiler\RemoveUnusedDefinitionsPass: Removed service "monolog.handler.null_internal"; reason: unused.
Symfony\Component\DependencyInjection\Compiler\RemoveUnusedDefinitionsPass: Removed service ".service_locator.NLcq8cs"; reason: unused.
Symfony\Component\DependencyInjection\Compiler\InlineServiceDefinitionsPass: Inlined service "App\Application\File\Factory\FileFetcherFactory" to "App\Adapters\Console\ProcessXmlToSheetsCommand".
Symfony\Component\DependencyInjection\Compiler\InlineServiceDefinitionsPass: Inlined service "App\Infrastructure\Parser\SimpleXmlParser" to "App\Adapters\Console\ProcessXmlToSheetsCommand".
Symfony\Component\DependencyInjection\Compiler\InlineServiceDefinitionsPass: Inlined service "App\Application\Product\Factory\ProductSupCoffeeFeedFactory" to "App\Adapters\Console\ProcessXmlToSheetsCommand".
Symfony\Component\DependencyInjection\Compiler\InlineServiceDefinitionsPass: Inlined service "App\Infrastructure\GoogleDocument\Sheet\GoogleSpreadSheet" to "App\Adapters\Console\ProcessXmlToSheetsCommand".
Symfony\Component\DependencyInjection\Compiler\InlineServiceDefinitionsPass: Inlined service "App\Infrastructure\Logger\MonoLogger" to "App\Adapters\Console\ProcessXmlToSheetsCommand".
Symfony\Component\DependencyInjection\Compiler\InlineServiceDefinitionsPass: Inlined service "App\Infrastructure\File\Save\XmlFileSaver" to "App\Adapters\Console\ProcessXmlToSheetsCommand".
Symfony\Component\DependencyInjection\Compiler\InlineServiceDefinitionsPass: Inlined service "App\Infrastructure\Config\ExternalFeedSourceYamlConfig" to "App\Application\File\Factory\FileFetcherFactory".
Symfony\Component\DependencyInjection\Compiler\InlineServiceDefinitionsPass: Inlined service "RedisClient" to "App\Infrastructure\Cache\RedisCache".
Symfony\Component\DependencyInjection\Compiler\InlineServiceDefinitionsPass: Inlined service "App\Infrastructure\Cache\RedisCache" to "App\Infrastructure\GoogleDocument\Sheet\GoogleSpreadSheet".
Symfony\Component\DependencyInjection\Compiler\InlineServiceDefinitionsPass: Inlined service "App\Infrastructure\Config\GoogleSheetEnvConfig" to "App\Infrastructure\GoogleDocument\Sheet\GoogleSpreadSheet".
Symfony\Component\DependencyInjection\Compiler\InlineServiceDefinitionsPass: Inlined service "argument_metadata_factory" to "argument_resolver".
Symfony\Component\DependencyInjection\Compiler\InlineServiceDefinitionsPass: Inlined service ".service_locator._ex3m56" to "argument_resolver".
Symfony\Component\DependencyInjection\Compiler\InlineServiceDefinitionsPass: Inlined service ".service_locator.F6vdjrP" to "argument_resolver.service".
Symfony\Component\DependencyInjection\Compiler\InlineServiceDefinitionsPass: Inlined service "error_handler.error_renderer.html" to "error_controller".
Symfony\Component\DependencyInjection\Compiler\InlineServiceDefinitionsPass: Inlined service "controller_resolver" to "http_kernel".
Symfony\Component\DependencyInjection\Compiler\InlineServiceDefinitionsPass: Inlined service "argument_resolver" to "http_kernel".
Symfony\Component\DependencyInjection\Compiler\InlineServiceDefinitionsPass: Inlined service ".service_locator.GIuJv7e" to "container.get_routing_condition_service".
Symfony\Component\DependencyInjection\Compiler\InlineServiceDefinitionsPass: Inlined service "monolog.logger.console" to "console.error_listener".
Symfony\Component\DependencyInjection\Compiler\InlineServiceDefinitionsPass: Inlined service "cache_clearer" to "console.command.cache_clear".
Symfony\Component\DependencyInjection\Compiler\InlineServiceDefinitionsPass: Inlined service ".service_locator.DOrA4Nm" to "console.command.cache_pool_invalidate_tags".
Symfony\Component\DependencyInjection\Compiler\InlineServiceDefinitionsPass: Inlined service ".service_locator.52i_fix" to "console.command.event_dispatcher_debug".
Symfony\Component\DependencyInjection\Compiler\InlineServiceDefinitionsPass: Inlined service ".cache_connection.O0J94bN" to "cache.app".
Symfony\Component\DependencyInjection\Compiler\InlineServiceDefinitionsPass: Inlined service "cache.default_marshaller" to "cache.app".
Symfony\Component\DependencyInjection\Compiler\InlineServiceDefinitionsPass: Inlined service "monolog.logger.php" to "debug.error_handler_configurator".
Symfony\Component\DependencyInjection\Compiler\InlineServiceDefinitionsPass: Inlined service "routing.loader.xml" to "routing.resolver".
Symfony\Component\DependencyInjection\Compiler\InlineServiceDefinitionsPass: Inlined service "routing.loader.yml" to "routing.resolver".
Symfony\Component\DependencyInjection\Compiler\InlineServiceDefinitionsPass: Inlined service "routing.loader.php" to "routing.resolver".
Symfony\Component\DependencyInjection\Compiler\InlineServiceDefinitionsPass: Inlined service "routing.loader.glob" to "routing.resolver".
Symfony\Component\DependencyInjection\Compiler\InlineServiceDefinitionsPass: Inlined service "routing.loader.directory" to "routing.resolver".
Symfony\Component\DependencyInjection\Compiler\InlineServiceDefinitionsPass: Inlined service "routing.loader.container" to "routing.resolver".
Symfony\Component\DependencyInjection\Compiler\InlineServiceDefinitionsPass: Inlined service "routing.loader.attribute.directory" to "routing.resolver".
Symfony\Component\DependencyInjection\Compiler\InlineServiceDefinitionsPass: Inlined service "routing.loader.attribute.file" to "routing.resolver".
Symfony\Component\DependencyInjection\Compiler\InlineServiceDefinitionsPass: Inlined service "routing.loader.psr4" to "routing.resolver".
Symfony\Component\DependencyInjection\Compiler\InlineServiceDefinitionsPass: Inlined service ".service_locator.sRcdyDU" to "routing.loader.container".
Symfony\Component\DependencyInjection\Compiler\InlineServiceDefinitionsPass: Inlined service "routing.resolver" to "routing.loader".
Symfony\Component\DependencyInjection\Compiler\InlineServiceDefinitionsPass: Inlined service ".service_locator.qXR9Hv0.router.cache_warmer" to "router.cache_warmer".
Symfony\Component\DependencyInjection\Compiler\InlineServiceDefinitionsPass: Inlined service "secrets.decryption_key" to "secrets.vault".
Symfony\Component\DependencyInjection\Compiler\InlineServiceDefinitionsPass: Inlined service "container.getenv" to "secrets.decryption_key".
Symfony\Component\DependencyInjection\Compiler\InlineServiceDefinitionsPass: Inlined service "session.storage.factory.native" to "session.factory".
Symfony\Component\DependencyInjection\Compiler\InlineServiceDefinitionsPass: Inlined service "session.handler.native" to "session.storage.factory.native".
Symfony\Component\DependencyInjection\Compiler\InlineServiceDefinitionsPass: Inlined service ".service_locator.ECaP3MA" to "session_listener".
Symfony\Component\DependencyInjection\Compiler\InlineServiceDefinitionsPass: Inlined service "monolog.processor.psr_log_message" to "monolog.handler.main".
Symfony\Component\DependencyInjection\Compiler\InlineServiceDefinitionsPass: Inlined service ".service_locator.MtzchpA" to ".service_locator.MtzchpA.router.default".
Symfony\Component\DependencyInjection\Compiler\InlineServiceDefinitionsPass: Inlined service ".service_locator.qXR9Hv0" to ".service_locator.qXR9Hv0.router.cache_warmer".
Symfony\Component\DependencyInjection\Compiler\InlineServiceDefinitionsPass: Inlined service ".service_locator.kj1Ys_Z" to "console.command_loader".
Symfony\Component\DependencyInjection\Compiler\InlineServiceDefinitionsPass: Inlined service ".service_locator.MtzchpA.router.default" to "router".
Symfony\Component\DependencyInjection\Compiler\InlineServiceDefinitionsPass: Inlined service "parameter_bag" to "router".
Symfony\Component\DependencyInjection\Compiler\InlineServiceDefinitionsPass: Inlined service "monolog.logger.router" to "router".
Symfony\Component\DependencyInjection\Compiler\InlineServiceDefinitionsPass: Inlined service "config_cache_factory" to "router".
Symfony\Component\DependencyInjection\Compiler\InlineServiceDefinitionsPass: Inlined service "App\Infrastructure\Config\FileSourceEnvConfig" to "App\Adapters\Console\ProcessXmlToSheetsCommand".
Symfony\Component\DependencyInjection\Compiler\InlineServiceDefinitionsPass: Inlined service "App\Infrastructure\Config\FileSourceEnvConfig" to "App\Adapters\Console\ProcessXmlToSheetsCommand".
Symfony\Component\DependencyInjection\Compiler\InlineServiceDefinitionsPass: Inlined service "App\Infrastructure\Config\FileSourceEnvConfig" to "App\Adapters\Console\ProcessXmlToSheetsCommand".
Symfony\Component\DependencyInjection\Compiler\InlineServiceDefinitionsPass: Inlined service "App\Infrastructure\Config\FileSourceEnvConfig" to "App\Adapters\Console\ProcessXmlToSheetsCommand".
Symfony\Component\DependencyInjection\Compiler\InlineServiceDefinitionsPass: Inlined service "file_locator" to "routing.loader".
Symfony\Component\DependencyInjection\Compiler\InlineServiceDefinitionsPass: Inlined service "file_locator" to "routing.loader".
Symfony\Component\DependencyInjection\Compiler\InlineServiceDefinitionsPass: Inlined service "file_locator" to "routing.loader".
Symfony\Component\DependencyInjection\Compiler\InlineServiceDefinitionsPass: Inlined service "file_locator" to "routing.loader".
Symfony\Component\DependencyInjection\Compiler\InlineServiceDefinitionsPass: Inlined service "file_locator" to "routing.loader".
Symfony\Component\DependencyInjection\Compiler\InlineServiceDefinitionsPass: Inlined service "routing.loader.attribute" to "routing.loader".
Symfony\Component\DependencyInjection\Compiler\InlineServiceDefinitionsPass: Inlined service "file_locator" to "routing.loader".
Symfony\Component\DependencyInjection\Compiler\InlineServiceDefinitionsPass: Inlined service "routing.loader.attribute" to "routing.loader".
Symfony\Component\DependencyInjection\Compiler\InlineServiceDefinitionsPass: Inlined service "file_locator" to "routing.loader".
Symfony\Component\DependencyInjection\Compiler\InlineServiceDefinitionsPass: Inlined service "routing.loader.attribute" to "routing.loader".
Symfony\Component\DependencyInjection\Compiler\InlineServiceDefinitionsPass: Inlined service "file_locator" to "routing.loader".
Symfony\Bundle\FrameworkBundle\DependencyInjection\Compiler\UnusedTagsPass: Tag "container.error" was defined on service(s) "argument_resolver.request_payload", but was never used. Did you mean "container.preload", "container.stack"?